2018-08-05 17:02:51.205 DEBUG set_properties - get_properties: Reading the properties files
2018-08-05 17:03:00.530 DEBUG reusable_methods - open_browser_with_url: ------------------------------------------------------------------------------------------
2018-08-05 17:03:00.530 DEBUG reusable_methods - open_browser_with_url: Opening the browser with the url : https://www.amazon.com

2018-08-05 17:03:19.557 DEBUG test_case_1 - <module>: Test case successful to open the amazon.com
2018-08-05 17:03:19.557 DEBUG reusable_methods - select_item_from_drop_down: Selecting the elements of the drop down menu
2018-08-05 17:03:22.578 DEBUG reusable_methods - select_item_from_drop_down: The list of items in the drop down:
['All Departments', 'Alexa Skills', 'Amazon Devices', 'Amazon Warehouse', 'Appliances', 'Apps & Games', 'Arts, Crafts & Sewing', 'Automotive Parts & Accessories', 'Baby', 'Beauty & Personal Care', 'Books', 'CDs & Vinyl', 'Cell Phones & Accessories', 'Clothing, Shoes & Jewelry', '   Women', '   Men', '   Girls', '   Boys', '   Baby', 'Collectibles & Fine Art', 'Computers', 'Courses', 'Credit and Payment Cards', 'Digital Music', 'Electronics', 'Garden & Outdoor', 'Gift Cards', 'Grocery & Gourmet Food', 'Handmade', 'Health, Household & Baby Care', 'Home & Business Services', 'Home & Kitchen', 'Industrial & Scientific', 'Kindle Store', 'Luggage & Travel Gear', 'Luxury Beauty', 'Magazine Subscriptions', 'Movies & TV', 'Musical Instruments', 'Office Products', 'Pet Supplies', 'Prime Exclusive Savings', 'Prime Pantry', 'Prime Video', 'Software', 'Sports & Outdoors', 'Tools & Home Improvement', 'Toys & Games', 'Vehicles', 'Video Games']
2018-08-05 17:03:23.081 DEBUG test_case_1 - <module>: Drop down for list of items found
['All Departments', 'Alexa Skills', 'Amazon Devices', 'Amazon Warehouse', 'Appliances', 'Apps & Games', 'Arts, Crafts & Sewing', 'Automotive Parts & Accessories', 'Baby', 'Beauty & Personal Care', 'Books', 'CDs & Vinyl', 'Cell Phones & Accessories', 'Clothing, Shoes & Jewelry', '   Women', '   Men', '   Girls', '   Boys', '   Baby', 'Collectibles & Fine Art', 'Computers', 'Courses', 'Credit and Payment Cards', 'Digital Music', 'Electronics', 'Garden & Outdoor', 'Gift Cards', 'Grocery & Gourmet Food', 'Handmade', 'Health, Household & Baby Care', 'Home & Business Services', 'Home & Kitchen', 'Industrial & Scientific', 'Kindle Store', 'Luggage & Travel Gear', 'Luxury Beauty', 'Magazine Subscriptions', 'Movies & TV', 'Musical Instruments', 'Office Products', 'Pet Supplies', 'Prime Exclusive Savings', 'Prime Pantry', 'Prime Video', 'Software', 'Sports & Outdoors', 'Tools & Home Improvement', 'Toys & Games', 'Vehicles', 'Video Games']
2018-08-05 17:03:23.083 DEBUG reusable_methods - search_item_in_search_box: Putting text in search box and searching for entered text item by : enter
2018-08-05 17:03:24.017 DEBUG test_case_1 - <module>: Searching for the text 'results for' on the current page

2018-08-05 17:03:29.149 DEBUG test_case_1 - <module>: Going back to the previous page
2018-08-05 17:03:29.338 DEBUG reusable_methods - search_item_in_search_box: Putting text in search box and searching for entered text item by : submit
2018-08-05 17:03:35.810 DEBUG test_case_1 - <module>: Searching for the text 'results for' on the current page

2018-08-05 17:03:36.414 DEBUG test_case_1 - <module>: Going back to the previous page
2018-08-05 17:03:36.603 DEBUG reusable_methods - search_item_in_search_box: Putting text in search box and searching for entered text item by : click
2018-08-05 17:03:39.944 DEBUG test_case_1 - <module>: Searching for the text 'results for' on the current page

2018-08-05 17:03:43.827 DEBUG reusable_methods - select_element_on_search_list_page: Selecting the nth item from the search page results list
2018-08-05 17:03:54.239 DEBUG test_case_1 - <module>: Current URL :https://www.amazon.com/Data-Analytics-Playbook-Governed-Analytic/dp/0128023074/ref=sr_1_1?s=books&ie=UTF8&qid=1533468820&sr=1-1&keywords=data_catalog
2018-08-05 17:03:55.824 DEBUG test_case_1 - <module>: Congratulations! Test Execution is Successful
Please check reports directory for detailed report.
